Build started 26/06/2019 12:46:26 م.
     1>Project "C:\Users\7\Downloads\Mariam&Nourhan with output\Mariam&Nourhan with output\CastleDSProject.vcxproj" on node 2 (Build target(s)).
     1>ClCompile:
         C:\Program Files (x86)\Microsoft Visual Studio 11.0\VC\bin\CL.exe /c /ZI /nologo /W3 /WX- /Od /Oy- /D WIN32 /D _DEBUG /D _CONSOLE /D _VC80_UPGRADE=0x0600 /D _MBCS /Gm /EHsc /RTC1 /MTd /GS /fp:precise /Zc:wchar_t /Zc:forScope /Fo".\Debug/" /Fd".\Debug/vc110.pdb" /FR".\Debug\\" /Gd /TP /analyze- /errorReport:prompt Battle.cpp Castle\Castle.cpp Castle\Tower.cpp CMUgraphicsLib\auxil.cpp CMUgraphicsLib\CMUgraphics.cpp CMUgraphicsLib\colors.cpp CMUgraphicsLib\image.cpp CMUgraphicsLib\keyqueue.cpp CMUgraphicsLib\mousequeue.cpp CMUgraphicsLib\windowinput.cpp Demo_Main.cpp DS\LinkedList.cpp DS\node.cpp DS\queue.cpp Enemies\Enemy.cpp Enemies\fighter.cpp Enemies\paver.cpp Enemies\Sighter.cpp GUI\GUI.cpp
         GUI.cpp
     1>c:\users\7\downloads\mariam&nourhan with output\mariam&nourhan with output\gui\gui.h(27): warning C4244: 'initializing' : conversion from 'double' to 'const int', possible loss of data
     1>c:\users\7\downloads\mariam&nourhan with output\mariam&nourhan with output\gui\gui.h(28): warning C4244: 'initializing' : conversion from 'double' to 'const int', possible loss of data
         Sighter.cpp
         paver.cpp
         fighter.cpp
         Enemy.cpp
     1>c:\users\7\downloads\mariam&nourhan with output\mariam&nourhan with output\enemies\enemy.cpp(34): warning C4244: '=' : conversion from 'double' to 'int', possible loss of data
         queue.cpp
         node.cpp
         LinkedList.cpp
         Demo_Main.cpp
     1>c:\users\7\downloads\mariam&nourhan with output\mariam&nourhan with output\gui\gui.h(27): warning C4244: 'initializing' : conversion from 'double' to 'const int', possible loss of data
     1>c:\users\7\downloads\mariam&nourhan with output\mariam&nourhan with output\gui\gui.h(28): warning C4244: 'initializing' : conversion from 'double' to 'const int', possible loss of data
         windowinput.cpp
         mousequeue.cpp
         keyqueue.cpp
         image.cpp
     1>c:\users\7\downloads\mariam&nourhan with output\mariam&nourhan with output\cmugraphicslib\image.cpp(115): warning C4018: '<' : signed/unsigned mismatch
         colors.cpp
         CMUgraphics.cpp
     1>c:\users\7\downloads\mariam&nourhan with output\mariam&nourhan with output\cmugraphicslib\cmugraphics.cpp(751): warning C4996: 'strcpy': This function or variable may be unsafe. Consider using strcpy_s instead. To disable deprecation, use _CRT_SECURE_NO_WARNINGS. See online help for details.
                 c:\program files (x86)\microsoft visual studio 11.0\vc\include\string.h(110) : see declaration of 'strcpy'
     1>c:\users\7\downloads\mariam&nourhan with output\mariam&nourhan with output\cmugraphicslib\cmugraphics.cpp(1164): warning C4996: 'sprintf': This function or variable may be unsafe. Consider using sprintf_s instead. To disable deprecation, use _CRT_SECURE_NO_WARNINGS. See online help for details.
                 c:\program files (x86)\microsoft visual studio 11.0\vc\include\stdio.h(357) : see declaration of 'sprintf'
     1>c:\users\7\downloads\mariam&nourhan with output\mariam&nourhan with output\cmugraphicslib\cmugraphics.cpp(1171): warning C4996: 'sprintf': This function or variable may be unsafe. Consider using sprintf_s instead. To disable deprecation, use _CRT_SECURE_NO_WARNINGS. See online help for details.
                 c:\program files (x86)\microsoft visual studio 11.0\vc\include\stdio.h(357) : see declaration of 'sprintf'
     1>c:\users\7\downloads\mariam&nourhan with output\mariam&nourhan with output\cmugraphicslib\cmugraphics.cpp(1202): warning C4996: 'sprintf': This function or variable may be unsafe. Consider using sprintf_s instead. To disable deprecation, use _CRT_SECURE_NO_WARNINGS. See online help for details.
                 c:\program files (x86)\microsoft visual studio 11.0\vc\include\stdio.h(357) : see declaration of 'sprintf'
     1>c:\users\7\downloads\mariam&nourhan with output\mariam&nourhan with output\cmugraphicslib\cmugraphics.cpp(1210): warning C4996: 'sprintf': This function or variable may be unsafe. Consider using sprintf_s instead. To disable deprecation, use _CRT_SECURE_NO_WARNINGS. See online help for details.
                 c:\program files (x86)\microsoft visual studio 11.0\vc\include\stdio.h(357) : see declaration of 'sprintf'
     1>c:\users\7\downloads\mariam&nourhan with output\mariam&nourhan with output\cmugraphicslib\cmugraphics.cpp(1357): warning C4018: '>' : signed/unsigned mismatch
         auxil.cpp
         Tower.cpp
         Castle.cpp
     1>c:\users\7\downloads\mariam&nourhan with output\mariam&nourhan with output\gui\gui.h(27): warning C4244: 'initializing' : conversion from 'double' to 'const int', possible loss of data
     1>c:\users\7\downloads\mariam&nourhan with output\mariam&nourhan with output\gui\gui.h(28): warning C4244: 'initializing' : conversion from 'double' to 'const int', possible loss of data
         Battle.cpp
     1>c:\users\7\downloads\mariam&nourhan with output\mariam&nourhan with output\gui\gui.h(27): warning C4244: 'initializing' : conversion from 'double' to 'const int', possible loss of data
     1>c:\users\7\downloads\mariam&nourhan with output\mariam&nourhan with output\gui\gui.h(28): warning C4244: 'initializing' : conversion from 'double' to 'const int', possible loss of data
     1>c:\users\7\downloads\mariam&nourhan with output\mariam&nourhan with output\battle.cpp(70): warning C4244: 'argument' : conversion from 'double' to 'int', possible loss of data
         Generating Code...
     1>c:\users\7\downloads\mariam&nourhan with output\mariam&nourhan with output\ds\linkedlist.cpp(217): warning C4715: 'LinkedList<Enemy>::getvalue' : not all control paths return a value
     1>c:\users\7\downloads\mariam&nourhan with output\mariam&nourhan with output\ds\linkedlist.cpp(217): warning C4715: 'LinkedList<Enemy>::getvalue' : not all control paths return a value
         C:\Program Files (x86)\Microsoft Visual Studio 11.0\VC\bin\CL.exe /c /ZI /nologo /W3 /WX- /Od /Oy- /D WIN32 /D _DEBUG /D _CONSOLE /D _VC80_UPGRADE=0x0600 /D _MBCS /Gm /EHsc /RTC1 /MTd /GS /fp:precise /Zc:wchar_t /Zc:forScope /Fo".\Debug/" /Fd".\Debug/vc110.pdb" /FR".\Debug\\" /Gd /TC /analyze- /errorReport:prompt CMUgraphicsLib\jpegload.c CMUgraphicsLib\jpeg\jcomapi.c CMUgraphicsLib\jpeg\jcparam.c CMUgraphicsLib\jpeg\jdapimin.c CMUgraphicsLib\jpeg\jdapistd.c CMUgraphicsLib\jpeg\jdatasrc.c CMUgraphicsLib\jpeg\jdcoefct.c CMUgraphicsLib\jpeg\jdcolor.c CMUgraphicsLib\jpeg\jddctmgr.c CMUgraphicsLib\jpeg\jdhuff.c CMUgraphicsLib\jpeg\jdinput.c CMUgraphicsLib\jpeg\jdmainct.c CMUgraphicsLib\jpeg\jdmarker.c CMUgraphicsLib\jpeg\jdmaster.c CMUgraphicsLib\jpeg\jdmerge.c CMUgraphicsLib\jpeg\jdphuff.c CMUgraphicsLib\jpeg\jdpostct.c CMUgraphicsLib\jpeg\jdsample.c CMUgraphicsLib\jpeg\jdtrans.c CMUgraphicsLib\jpeg\jerror.c CMUgraphicsLib\jpeg\jidctflt.c CMUgraphicsLib\jpeg\jidctfst.c CMUgraphicsLib\jpeg\jidctint.c CMUgraphicsLib\jpeg\jidctred.c CMUgraphicsLib\jpeg\jmemmgr.c CMUgraphicsLib\jpeg\jmemnobs.c CMUgraphicsLib\jpeg\jquant1.c CMUgraphicsLib\jpeg\jquant2.c CMUgraphicsLib\jpeg\jutils.c
         jutils.c
         jquant2.c
         jquant1.c
         jmemnobs.c
         jmemmgr.c
     1>c:\users\7\downloads\mariam&nourhan with output\mariam&nourhan with output\cmugraphicslib\jpeg\jmemmgr.c(1103): warning C4996: 'getenv': This function or variable may be unsafe. Consider using _dupenv_s instead. To disable deprecation, use _CRT_SECURE_NO_WARNINGS. See online help for details.
                 c:\program files (x86)\microsoft visual studio 11.0\vc\include\stdlib.h(449) : see declaration of 'getenv'
     1>c:\users\7\downloads\mariam&nourhan with output\mariam&nourhan with output\cmugraphicslib\jpeg\jmemmgr.c(1106): warning C4996: 'sscanf': This function or variable may be unsafe. Consider using sscanf_s instead. To disable deprecation, use _CRT_SECURE_NO_WARNINGS. See online help for details.
                 c:\program files (x86)\microsoft visual studio 11.0\vc\include\stdio.h(311) : see declaration of 'sscanf'
         jidctred.c
         jidctint.c
         jidctfst.c
         jidctflt.c
         jerror.c
     1>c:\users\7\downloads\mariam&nourhan with output\mariam&nourhan with output\cmugraphicslib\jpeg\jerror.c(169): warning C4996: 'sprintf': This function or variable may be unsafe. Consider using sprintf_s instead. To disable deprecation, use _CRT_SECURE_NO_WARNINGS. See online help for details.
                 c:\program files (x86)\microsoft visual studio 11.0\vc\include\stdio.h(357) : see declaration of 'sprintf'
     1>c:\users\7\downloads\mariam&nourhan with output\mariam&nourhan with output\cmugraphicslib\jpeg\jerror.c(175): warning C4996: 'sprintf': This function or variable may be unsafe. Consider using sprintf_s instead. To disable deprecation, use _CRT_SECURE_NO_WARNINGS. See online help for details.
                 c:\program files (x86)\microsoft visual studio 11.0\vc\include\stdio.h(357) : see declaration of 'sprintf'
         jdtrans.c
         jdsample.c
         jdpostct.c
         jdphuff.c
         jdmerge.c
         jdmaster.c
         jdmarker.c
         jdmainct.c
         jdinput.c
         jdhuff.c
         Generating Code...
         Compiling...
         jddctmgr.c
         jdcolor.c
         jdcoefct.c
         jdatasrc.c
         jdapistd.c
         jdapimin.c
         jcparam.c
         jcomapi.c
         jpegload.c
     1>c:\users\7\downloads\mariam&nourhan with output\mariam&nourhan with output\cmugraphicslib\jpegload.c(23): warning C4996: 'fopen': This function or variable may be unsafe. Consider using fopen_s instead. To disable deprecation, use _CRT_SECURE_NO_WARNINGS. See online help for details.
                 c:\program files (x86)\microsoft visual studio 11.0\vc\include\stdio.h(218) : see declaration of 'fopen'
         Generating Code...
       Link:
         C:\Program Files (x86)\Microsoft Visual Studio 11.0\VC\bin\link.exe /ERRORREPORT:PROMPT /OUT:".\Debug/CastleDSProject.exe" /INCREMENTAL /NOLOGO odbc32.lib odbccp32.lib winmm.lib kernel32.lib user32.lib gdi32.lib winspool.lib comdlg32.lib advapi32.lib shell32.lib ole32.lib oleaut32.lib uuid.lib odbc32.lib odbccp32.lib /MANIFEST /MANIFESTUAC:"level='asInvoker' uiAccess='false'" /manifest:embed /DEBUG /PDB:".\Debug/CastleDSProject.pdb" /SUBSYSTEM:CONSOLE /TLBID:1 /DYNAMICBASE /NXCOMPAT /IMPLIB:".\Debug\CastleDSProject.lib" /MACHINE:X86 /SAFESEH .\Debug/Battle.obj
         .\Debug/Castle.obj
         .\Debug/Tower.obj
         .\Debug/auxil.obj
         .\Debug/CMUgraphics.obj
         .\Debug/colors.obj
         .\Debug/image.obj
         .\Debug/jpegload.obj
         .\Debug/keyqueue.obj
         .\Debug/mousequeue.obj
         .\Debug/windowinput.obj
         .\Debug/jcomapi.obj
         .\Debug/jcparam.obj
         .\Debug/jdapimin.obj
         .\Debug/jdapistd.obj
         .\Debug/jdatasrc.obj
         .\Debug/jdcoefct.obj
         .\Debug/jdcolor.obj
         .\Debug/jddctmgr.obj
         .\Debug/jdhuff.obj
         .\Debug/jdinput.obj
         .\Debug/jdmainct.obj
         .\Debug/jdmarker.obj
         .\Debug/jdmaster.obj
         .\Debug/jdmerge.obj
         .\Debug/jdphuff.obj
         .\Debug/jdpostct.obj
         .\Debug/jdsample.obj
         .\Debug/jdtrans.obj
         .\Debug/jerror.obj
         .\Debug/jidctflt.obj
         .\Debug/jidctfst.obj
         .\Debug/jidctint.obj
         .\Debug/jidctred.obj
         .\Debug/jmemmgr.obj
         .\Debug/jmemnobs.obj
         .\Debug/jquant1.obj
         .\Debug/jquant2.obj
         .\Debug/jutils.obj
         .\Debug/Demo_Main.obj
         .\Debug/LinkedList.obj
         .\Debug/node.obj
         .\Debug/queue.obj
         .\Debug/Enemy.obj
         .\Debug/fighter.obj
         .\Debug/paver.obj
         .\Debug/Sighter.obj
         .\Debug/GUI.obj
     1>Battle.obj : warning LNK4075: ignoring '/EDITANDCONTINUE' due to '/SAFESEH' specification
         CastleDSProject.vcxproj -> C:\Users\7\Downloads\Mariam&Nourhan with output\Mariam&Nourhan with output\.\Debug\CastleDSProject.exe
       BscMake:
         C:\Program Files (x86)\Microsoft Visual Studio 11.0\VC\bin\bscmake.exe /nologo /o".\Debug/CastleDSProject.bsc" .\Debug\Battle.sbr .\Debug\Castle.sbr .\Debug\Tower.sbr .\Debug\auxil.sbr .\Debug\CMUgraphics.sbr .\Debug\colors.sbr .\Debug\image.sbr .\Debug\jpegload.sbr .\Debug\keyqueue.sbr .\Debug\mousequeue.sbr .\Debug\windowinput.sbr .\Debug\jcomapi.sbr .\Debug\jcparam.sbr .\Debug\jdapimin.sbr .\Debug\jdapistd.sbr .\Debug\jdatasrc.sbr .\Debug\jdcoefct.sbr .\Debug\jdcolor.sbr .\Debug\jddctmgr.sbr .\Debug\jdhuff.sbr .\Debug\jdinput.sbr .\Debug\jdmainct.sbr .\Debug\jdmarker.sbr .\Debug\jdmaster.sbr .\Debug\jdmerge.sbr .\Debug\jdphuff.sbr .\Debug\jdpostct.sbr .\Debug\jdsample.sbr .\Debug\jdtrans.sbr .\Debug\jerror.sbr .\Debug\jidctflt.sbr .\Debug\jidctfst.sbr .\Debug\jidctint.sbr .\Debug\jidctred.sbr .\Debug\jmemmgr.sbr .\Debug\jmemnobs.sbr .\Debug\jquant1.sbr .\Debug\jquant2.sbr .\Debug\jutils.sbr .\Debug\Demo_Main.sbr .\Debug\LinkedList.sbr .\Debug\node.sbr .\Debug\queue.sbr .\Debug\Enemy.sbr .\Debug\fighter.sbr .\Debug\paver.sbr .\Debug\Sighter.sbr .\Debug\GUI.sbr
     1>Done Building Project "C:\Users\7\Downloads\Mariam&Nourhan with output\Mariam&Nourhan with output\CastleDSProject.vcxproj" (Build target(s)).

Build succeeded.

Time Elapsed 00:00:34.84
